[0911/114851.135:ERROR:process_reader_win.cc(127)] NtOpenThread: {Access Denied} A process has requested access to an object, but has not been granted those access rights. (0xc0000022)
[0911/114851.150:ERROR:exception_snapshot_win.cc(100)] thread ID 1488 not found in process
[0911/114851.245:ERROR:process_memory_win.cc(73)] ReadMemory at 0x7ff7da1b0000 of 64 bytes failed: Only part of a ReadProcessMemory or WriteProcessMemory request was completed. (0x12B)
[0911/114851.245:WARNING:pe_image_reader.cc(340)] could not read dos header from C:\Program Files (x86)\Microsoft\Edge\Application\msedge.exe
[0911/114851.250:ERROR:process_memory_win.cc(73)] ReadMemory at 0x26396213780 of 72 bytes failed: Only part of a ReadProcessMemory or WriteProcessMemory request was completed. (0x12B)
[0911/114851.250:WARNING:pe_image_annotations_reader.cc(135)] could not read annotations list object in C:\Program Files (x86)\Microsoft\Edge\Application\85.0.564.44\msedge_elf.dll
[0911/114851.250:ERROR:process_memory_win.cc(73)] ReadMemory at 0x7ffba0690000 of 64 bytes failed: Only part of a ReadProcessMemory or WriteProcessMemory request was completed. (0x12B)
[0911/114851.250:WARNING:pe_image_reader.cc(340)] could not read dos header from C:\Program Files (x86)\Microsoft\Edge\Application\85.0.564.44\msedge.dll
[0911/114851.255:ERROR:process_memory_win.cc(73)] ReadMemory at 0x7ffbaa010000 of 64 bytes failed: Only part of a ReadProcessMemory or WriteProcessMemory request was completed. (0x12B)
[0911/114851.260:WARNING:pe_image_reader.cc(340)] could not read dos header from C:\Program Files (x86)\Microsoft\Edge\Application\85.0.564.44\mip_core.dll
[0911/114851.260:ERROR:process_memory_win.cc(73)] ReadMemory at 0x7ffbd1100000 of 64 bytes failed: Only part of a ReadProcessMemory or WriteProcessMemory request was completed. (0x12B)
[0911/114851.260:WARNING:pe_image_reader.cc(340)] could not read dos header from C:\WINDOWS\SYSTEM32\MSVCP140.dll
[0911/114851.261:ERROR:process_memory_win.cc(73)] ReadMemory at 0x7ffbdd7d0000 of 64 bytes failed: Only part of a ReadProcessMemory or WriteProcessMemory request was completed. (0x12B)
[0911/114851.261:WARNING:pe_image_reader.cc(340)] could not read dos header from C:\WINDOWS\SYSTEM32\CONCRT140.dll
[0911/114851.261:ERROR:process_memory_win.cc(73)] ReadMemory at 0x7ffbd11b0000 of 64 bytes failed: Only part of a ReadProcessMemory or WriteProcessMemory request was completed. (0x12B)
[0911/114851.261:WARNING:pe_image_reader.cc(340)] could not read dos header from C:\WINDOWS\SYSTEM32\VCRUNTIME140.dll
[0911/114851.261:ERROR:process_memory_win.cc(73)] ReadMemory at 0x7ffba0390000 of 64 bytes failed: Only part of a ReadProcessMemory or WriteProcessMemory request was completed. (0x12B)
[0911/114851.261:WARNING:pe_image_reader.cc(340)] could not read dos header from C:\Program Files (x86)\Microsoft\Edge\Application\85.0.564.44\mip_protection_sdk.dll
[0911/114851.275:ERROR:process_memory_win.cc(73)] ReadMemory at 0x7ff7da1b0000 of 64 bytes failed: Only part of a ReadProcessMemory or WriteProcessMemory request was completed. (0x12B)
[0911/114851.275:WARNING:pe_image_reader.cc(340)] could not read dos header from C:\Program Files (x86)\Microsoft\Edge\Application\msedge.exe
[0911/114851.275:ERROR:process_memory_win.cc(73)] ReadMemory at 0x7ffbff5b0000 of 64 bytes failed: Only part of a ReadProcessMemory or WriteProcessMemory request was completed. (0x12B)
[0911/114851.275:WARNING:pe_image_reader.cc(340)] could not read dos header from C:\WINDOWS\SYSTEM32\ntdll.dll
[0911/114851.275:ERROR:process_memory_win.cc(73)] ReadMemory at 0x7ffbfe610000 of 64 bytes failed: Only part of a ReadProcessMemory or WriteProcessMemory request was completed. (0x12B)
[0911/114851.275:WARNING:pe_image_reader.cc(340)] could not read dos header from C:\WINDOWS\System32\KERNEL32.DLL
[0911/114851.275:ERROR:process_memory_win.cc(73)] ReadMemory at 0x7ffbfd050000 of 64 bytes failed: Only part of a ReadProcessMemory or WriteProcessMemory request was completed. (0x12B)
[0911/114851.275:WARNING:pe_image_reader.cc(340)] could not read dos header from C:\WINDOWS\System32\KERNELBASE.dll
[0911/114851.275:ERROR:process_memory_win.cc(73)] ReadMemory at 0x7ffbdd530000 of 64 bytes failed: Only part of a ReadProcessMemory or WriteProcessMemory request was completed. (0x12B)
[0911/114851.275:WARNING:pe_image_reader.cc(340)] could not read dos header from C:\Program Files (x86)\Microsoft\Edge\Application\85.0.564.44\msedge_elf.dll
[0911/114851.280:ERROR:process_memory_win.cc(73)] ReadMemory at 0x7ffbfdce0000 of 64 bytes failed: Only part of a ReadProcessMemory or WriteProcessMemory request was completed. (0x12B)
[0911/114851.280:WARNING:pe_image_reader.cc(340)] could not read dos header from C:\WINDOWS\System32\ADVAPI32.dll
[0911/114851.280:ERROR:process_memory_win.cc(73)] ReadMemory at 0x7ffbfe570000 of 64 bytes failed: Only part of a ReadProcessMemory or WriteProcessMemory request was completed. (0x12B)
[0911/114851.280:WARNING:pe_image_reader.cc(340)] could not read dos header from C:\WINDOWS\System32\msvcrt.dll
[0911/114851.280:ERROR:process_memory_win.cc(73)] ReadMemory at 0x7ffbfe840000 of 64 bytes failed: Only part of a ReadProcessMemory or WriteProcessMemory request was completed. (0x12B)
[0911/114851.280:WARNING:pe_image_reader.cc(340)] could not read dos header from C:\WINDOWS\System32\sechost.dll
[0911/114851.280:ERROR:process_memory_win.cc(73)] ReadMemory at 0x7ffbfe230000 of 64 bytes failed: Only part of a ReadProcessMemory or WriteProcessMemory request was completed. (0x12B)
[0911/114851.280:WARNING:pe_image_reader.cc(340)] could not read dos header from C:\WINDOWS\System32\RPCRT4.dll
[0911/114851.280:ERROR:process_memory_win.cc(73)] ReadMemory at 0x7ffba0690000 of 64 bytes failed: Only part of a ReadProcessMemory or WriteProcessMemory request was completed. (0x12B)
[0911/114851.280:WARNING:pe_image_reader.cc(340)] could not read dos header from C:\Program Files (x86)\Microsoft\Edge\Application\85.0.564.44\msedge.dll
[0911/114851.280:ERROR:process_memory_win.cc(73)] ReadMemory at 0x7ffbfdc70000 of 64 bytes failed: Only part of a ReadProcessMemory or WriteProcessMemory request was completed. (0x12B)
[0911/114851.280:WARNING:pe_image_reader.cc(340)] could not read dos header from C:\WINDOWS\System32\WS2_32.dll
[0911/114851.280:ERROR:process_memory_win.cc(73)] ReadMemory at 0x7ffbfd670000 of 64 bytes failed: Only part of a ReadProcessMemory or WriteProcessMemory request was completed. (0x12B)
[0911/114851.280:WARNING:pe_image_reader.cc(340)] could not read dos header from C:\WINDOWS\System32\OLEAUT32.dll
[0911/114851.280:ERROR:process_memory_win.cc(73)] ReadMemory at 0x7ffbfcea0000 of 64 bytes failed: Only part of a ReadProcessMemory or WriteProcessMemory request was completed. (0x12B)
[0911/114851.280:WARNING:pe_image_reader.cc(340)] could not read dos header from C:\WINDOWS\System32\msvcp_win.dll
[0911/114851.280:ERROR:process_memory_win.cc(73)] ReadMemory at 0x7ffbfd350000 of 64 bytes failed: Only part of a ReadProcessMemory or WriteProcessMemory request was completed. (0x12B)
[0911/114851.280:WARNING:pe_image_reader.cc(340)] could not read dos header from C:\WINDOWS\System32\ucrtbase.dll
[0911/114851.285:ERROR:process_memory_win.cc(73)] ReadMemory at 0x7ffbfd910000 of 64 bytes failed: Only part of a ReadProcessMemory or WriteProcessMemory request was completed. (0x12B)
[0911/114851.285:WARNING:pe_image_reader.cc(340)] could not read dos header from C:\WINDOWS\System32\combase.dll
[0911/114851.285:ERROR:process_memory_win.cc(73)] ReadMemory at 0x7ffbfcf40000 of 64 bytes failed: Only part of a ReadProcessMemory or WriteProcessMemory request was completed. (0x12B)
[0911/114851.285:WARNING:pe_image_reader.cc(340)] could not read dos header from C:\WINDOWS\System32\WINTRUST.dll
[0911/114851.285:ERROR:process_memory_win.cc(73)] ReadMemory at 0x7ffbfcd40000 of 64 bytes failed: Only part of a ReadProcessMemory or WriteProcessMemory request was completed. (0x12B)
[0911/114851.285:WARNING:pe_image_reader.cc(340)] could not read dos header from C:\WINDOWS\System32\CRYPT32.dll
[0911/114851.285:ERROR:process_memory_win.cc(73)] ReadMemory at 0x7ffbfc180000 of 64 bytes failed: Only part of a ReadProcessMemory or WriteProcessMemory request was completed. (0x12B)
[0911/114851.285:WARNING:pe_image_reader.cc(340)] could not read dos header from C:\WINDOWS\SYSTEM32\IPHLPAPI.DLL
[0911/114851.285:ERROR:process_memory_win.cc(73)] ReadMemory at 0x7ffbebd60000 of 64 bytes failed: Only part of a ReadProcessMemory or WriteProcessMemory request was completed. (0x12B)
[0911/114851.285:WARNING:pe_image_reader.cc(340)] could not read dos header from C:\WINDOWS\SYSTEM32\WINMM.dll
[0911/114851.285:ERROR:process_memory_win.cc(73)] ReadMemory at 0x7ffbcd6e0000 of 64 bytes failed: Only part of a ReadProcessMemory or WriteProcessMemory request was completed. (0x12B)
[0911/114851.285:WARNING:pe_image_reader.cc(340)] could not read dos header from C:\WINDOWS\SYSTEM32\UIAutomationCore.DLL
[0911/114851.285:ERROR:process_memory_win.cc(73)] ReadMemory at 0x7ffbd98a0000 of 64 bytes failed: Only part of a ReadProcessMemory or WriteProcessMemory request was completed. (0x12B)
[0911/114851.285:WARNING:pe_image_reader.cc(340)] could not read dos header from C:\WINDOWS\SYSTEM32\Secur32.dll
[0911/114851.285:ERROR:process_memory_win.cc(73)] ReadMemory at 0x7ffbfcbe0000 of 64 bytes failed: Only part of a ReadProcessMemory or WriteProcessMemory request was completed. (0x12B)
[0911/114851.285:WARNING:pe_image_reader.cc(340)] could not read dos header from C:\WINDOWS\SYSTEM32\USERENV.dll
[0911/114851.285:ERROR:process_memory_win.cc(73)] ReadMemory at 0x7ffbeaa00000 of 64 bytes failed: Only part of a ReadProcessMemory or WriteProcessMemory request was completed. (0x12B)
[0911/114851.290:WARNING:pe_image_reader.cc(340)] could not read dos header from C:\WINDOWS\SYSTEM32\WINHTTP.dll
[0911/114851.290:ERROR:process_memory_win.cc(73)] ReadMemory at 0x7ffbea6f0000 of 64 bytes failed: Only part of a ReadProcessMemory or WriteProcessMemory request was completed. (0x12B)
[0911/114851.290:WARNING:pe_image_reader.cc(340)] could not read dos header from C:\WINDOWS\SYSTEM32\DWrite.dll
[0911/114851.290:ERROR:process_memory_win.cc(73)] ReadMemory at 0x7ffbeba70000 of 64 bytes failed: Only part of a ReadProcessMemory or WriteProcessMemory request was completed. (0x12B)
[0911/114851.290:WARNING:pe_image_reader.cc(340)] could not read dos header from C:\WINDOWS\SYSTEM32\WINSPOOL.DRV
[0911/114851.290:ERROR:process_memory_win.cc(73)] ReadMemory at 0x7ffbfab50000 of 64 bytes failed: Only part of a ReadProcessMemory or WriteProcessMemory request was completed. (0x12B)
[0911/114851.290:WARNING:pe_image_reader.cc(340)] could not read dos header from C:\WINDOWS\SYSTEM32\dbghelp.dll
[0911/114851.290:ERROR:process_memory_win.cc(73)] ReadMemory at 0x7ffbfc7d0000 of 64 bytes failed: Only part of a ReadProcessMemory or WriteProcessMemory request was completed. (0x12B)
[0911/114851.290:WARNING:pe_image_reader.cc(340)] could not read dos header from C:\WINDOWS\SYSTEM32\ncrypt.dll
[0911/114851.290:ERROR:process_memory_win.cc(73)] ReadMemory at 0x7ffbf4a00000 of 64 bytes failed: Only part of a ReadProcessMemory or WriteProcessMemory request was completed. (0x12B)
[0911/114851.290:WARNING:pe_image_reader.cc(340)] could not read dos header from C:\WINDOWS\SYSTEM32\dhcpcsvc.DLL
[0911/114851.290:ERROR:process_memory_win.cc(73)] ReadMemory at 0x7ffbfa140000 of 64 bytes failed: Only part of a ReadProcessMemory or WriteProcessMemory request was completed. (0x12B)
[0911/114851.290:WARNING:pe_image_reader.cc(340)] could not read dos header from C:\WINDOWS\SYSTEM32\PROPSYS.dll
[0911/114851.290:ERROR:process_memory_win.cc(73)] ReadMemory at 0x7ffbfcba0000 of 64 bytes failed: Only part of a ReadProcessMemory or WriteProcessMemory request was completed. (0x12B)
[0911/114851.290:WARNING:pe_image_reader.cc(340)] could not read dos header from C:\WINDOWS\SYSTEM32\SSPICLI.DLL
[0911/114851.290:ERROR:process_memory_win.cc(73)] ReadMemory at 0x7ffbfd320000 of 64 bytes failed: Only part of a ReadProcessMemory or WriteProcessMemory request was completed. (0x12B)
[0911/114851.290:WARNING:pe_image_reader.cc(340)] could not read dos header from C:\WINDOWS\System32\BCRYPT.DLL
[0911/114851.290:ERROR:process_memory_win.cc(73)] ReadMemory at 0x7ffbfc8e0000 of 64 bytes failed: Only part of a ReadProcessMemory or WriteProcessMemory request was completed. (0x12B)
[0911/114851.290:WARNING:pe_image_reader.cc(340)] could not read dos header from C:\WINDOWS\System32\MSASN1.dll
[0911/114851.295:ERROR:process_memory_win.cc(73)] ReadMemory at 0x7ffbfd590000 of 64 bytes failed: Only part of a ReadProcessMemory or WriteProcessMemory request was completed. (0x12B)
[0911/114851.295:WARNING:pe_image_reader.cc(340)] could not read dos header from C:\WINDOWS\System32\bcryptPrimitives.dll
[0911/114851.295:ERROR:process_memory_win.cc(73)] ReadMemory at 0x7ffbfc790000 of 64 bytes failed: Only part of a ReadProcessMemory or WriteProcessMemory request was completed. (0x12B)
[0911/114851.295:WARNING:pe_image_reader.cc(340)] could not read dos header from C:\WINDOWS\SYSTEM32\NTASN1.dll
[0911/114851.295:ERROR:process_memory_win.cc(73)] ReadMemory at 0x7ffbfc6b0000 of 64 bytes failed: Only part of a ReadProcessMemory or WriteProcessMemory request was completed. (0x12B)
[0911/114851.295:WARNING:pe_image_reader.cc(340)] could not read dos header from C:\WINDOWS\SYSTEM32\CRYPTBASE.DLL
[0911/114851.295:ERROR:process_memory_win.cc(73)] ReadMemory at 0x7ffbfd750000 of 64 bytes failed: Only part of a ReadProcessMemory or WriteProcessMemory request was completed. (0x12B)
[0911/114851.295:WARNING:pe_image_reader.cc(340)] could not read dos header from C:\WINDOWS\System32\GDI32.dll
[0911/114851.295:ERROR:process_memory_win.cc(73)] ReadMemory at 0x7ffbfd450000 of 64 bytes failed: Only part of a ReadProcessMemory or WriteProcessMemory request was completed. (0x12B)
[0911/114851.295:WARNING:pe_image_reader.cc(340)] could not read dos header from C:\WINDOWS\System32\win32u.dll
[0911/114851.295:ERROR:process_memory_win.cc(73)] ReadMemory at 0x7ffbfd480000 of 64 bytes failed: Only part of a ReadProcessMemory or WriteProcessMemory request was completed. (0x12B)
[0911/114851.295:WARNING:pe_image_reader.cc(340)] could not read dos header from C:\WINDOWS\System32\gdi32full.dll
[0911/114851.295:ERROR:process_memory_win.cc(73)] ReadMemory at 0x7ffbfe3d0000 of 64 bytes failed: Only part of a ReadProcessMemory or WriteProcessMemory request was completed. (0x12B)
[0911/114851.295:WARNING:pe_image_reader.cc(340)] could not read dos header from C:\WINDOWS\System32\USER32.dll
[0911/114851.295:ERROR:process_memory_win.cc(73)] ReadMemory at 0x7ffbfe810000 of 64 bytes failed: Only part of a ReadProcessMemory or WriteProcessMemory request was completed. (0x12B)
[0911/114851.295:WARNING:pe_image_reader.cc(340)] could not read dos header from C:\WINDOWS\System32\IMM32.DLL
[0911/114851.295:ERROR:process_memory_win.cc(73)] ReadMemory at 0x7ffbfcc20000 of 64 bytes failed: Only part of a ReadProcessMemory or WriteProcessMemory request was completed. (0x12B)
[0911/114851.300:WARNING:pe_image_reader.cc(340)] could not read dos header from C:\WINDOWS\System32\profapi.dll
[0911/114851.300:ERROR:process_memory_win.cc(73)] ReadMemory at 0x7ffbaa010000 of 64 bytes failed: Only part of a ReadProcessMemory or WriteProcessMemory request was completed. (0x12B)
[0911/114851.300:WARNING:pe_image_reader.cc(340)] could not read dos header from C:\Program Files (x86)\Microsoft\Edge\Application\85.0.564.44\mip_core.dll
[0911/114851.300:ERROR:process_memory_win.cc(73)] ReadMemory at 0x7ffbd1100000 of 64 bytes failed: Only part of a ReadProcessMemory or WriteProcessMemory request was completed. (0x12B)
[0911/114851.300:WARNING:pe_image_reader.cc(340)] could not read dos header from C:\WINDOWS\SYSTEM32\MSVCP140.dll
[0911/114851.300:ERROR:process_memory_win.cc(73)] ReadMemory at 0x7ffbdd7d0000 of 64 bytes failed: Only part of a ReadProcessMemory or WriteProcessMemory request was completed. (0x12B)
[0911/114851.300:WARNING:pe_image_reader.cc(340)] could not read dos header from C:\WINDOWS\SYSTEM32\CONCRT140.dll
[0911/114851.300:ERROR:process_memory_win.cc(73)] ReadMemory at 0x7ffbd11b0000 of 64 bytes failed: Only part of a ReadProcessMemory or WriteProcessMemory request was completed. (0x12B)
[0911/114851.300:WARNING:pe_image_reader.cc(340)] could not read dos header from C:\WINDOWS\SYSTEM32\VCRUNTIME140.dll
[0911/114851.303:ERROR:process_memory_win.cc(73)] ReadMemory at 0x7ffba0390000 of 64 bytes failed: Only part of a ReadProcessMemory or WriteProcessMemory request was completed. (0x12B)
[0911/114851.303:WARNING:pe_image_reader.cc(340)] could not read dos header from C:\Program Files (x86)\Microsoft\Edge\Application\85.0.564.44\mip_protection_sdk.dll
[0911/114851.303:ERROR:process_memory_win.cc(73)] ReadMemory at 0x7ff7da1b0000 of 64 bytes failed: Only part of a ReadProcessMemory or WriteProcessMemory request was completed. (0x12B)
[0911/114851.303:WARNING:pe_image_reader.cc(340)] could not read dos header from C:\Program Files (x86)\Microsoft\Edge\Application\msedge.exe
[0911/114851.303:ERROR:process_memory_win.cc(73)] ReadMemory at 0x7ffbff5b0000 of 64 bytes failed: Only part of a ReadProcessMemory or WriteProcessMemory request was completed. (0x12B)
[0911/114851.303:WARNING:pe_image_reader.cc(340)] could not read dos header from C:\WINDOWS\SYSTEM32\ntdll.dll
[0911/114851.303:ERROR:process_memory_win.cc(73)] ReadMemory at 0x7ffbfe610000 of 64 bytes failed: Only part of a ReadProcessMemory or WriteProcessMemory request was completed. (0x12B)
[0911/114851.305:WARNING:pe_image_reader.cc(340)] could not read dos header from C:\WINDOWS\System32\KERNEL32.DLL
[0911/114851.306:ERROR:process_memory_win.cc(73)] ReadMemory at 0x7ffbfd050000 of 64 bytes failed: Only part of a ReadProcessMemory or WriteProcessMemory request was completed. (0x12B)
[0911/114851.306:WARNING:pe_image_reader.cc(340)] could not read dos header from C:\WINDOWS\System32\KERNELBASE.dll
[0911/114851.306:ERROR:process_memory_win.cc(73)] ReadMemory at 0x7ffbdd530000 of 64 bytes failed: Only part of a ReadProcessMemory or WriteProcessMemory request was completed. (0x12B)
[0911/114851.306:WARNING:pe_image_reader.cc(340)] could not read dos header from C:\Program Files (x86)\Microsoft\Edge\Application\85.0.564.44\msedge_elf.dll
[0911/114851.306:ERROR:process_memory_win.cc(73)] ReadMemory at 0x7ffbfdce0000 of 64 bytes failed: Only part of a ReadProcessMemory or WriteProcessMemory request was completed. (0x12B)
[0911/114851.306:WARNING:pe_image_reader.cc(340)] could not read dos header from C:\WINDOWS\System32\ADVAPI32.dll
[0911/114851.306:ERROR:process_memory_win.cc(73)] ReadMemory at 0x7ffbfe570000 of 64 bytes failed: Only part of a ReadProcessMemory or WriteProcessMemory request was completed. (0x12B)
[0911/114851.306:WARNING:pe_image_reader.cc(340)] could not read dos header from C:\WINDOWS\System32\msvcrt.dll
[0911/114851.306:ERROR:process_memory_win.cc(73)] ReadMemory at 0x7ffbfe840000 of 64 bytes failed: Only part of a ReadProcessMemory or WriteProcessMemory request was completed. (0x12B)
[0911/114851.306:WARNING:pe_image_reader.cc(340)] could not read dos header from C:\WINDOWS\System32\sechost.dll
[0911/114851.306:ERROR:process_memory_win.cc(73)] ReadMemory at 0x7ffbfe230000 of 64 bytes failed: Only part of a ReadProcessMemory or WriteProcessMemory request was completed. (0x12B)
[0911/114851.306:WARNING:pe_image_reader.cc(340)] could not read dos header from C:\WINDOWS\System32\RPCRT4.dll
[0911/114851.309:ERROR:process_memory_win.cc(73)] ReadMemory at 0x7ffba0690000 of 64 bytes failed: Only part of a ReadProcessMemory or WriteProcessMemory request was completed. (0x12B)
[0911/114851.309:WARNING:pe_image_reader.cc(340)] could not read dos header from C:\Program Files (x86)\Microsoft\Edge\Application\85.0.564.44\msedge.dll
[0911/114851.309:ERROR:process_memory_win.cc(73)] ReadMemory at 0x7ffbfdc70000 of 64 bytes failed: Only part of a ReadProcessMemory or WriteProcessMemory request was completed. (0x12B)
[0911/114851.309:WARNING:pe_image_reader.cc(340)] could not read dos header from C:\WINDOWS\System32\WS2_32.dll
[0911/114851.309:ERROR:process_memory_win.cc(73)] ReadMemory at 0x7ffbfd670000 of 64 bytes failed: Only part of a ReadProcessMemory or WriteProcessMemory request was completed. (0x12B)
[0911/114851.309:WARNING:pe_image_reader.cc(340)] could not read dos header from C:\WINDOWS\System32\OLEAUT32.dll
[0911/114851.309:ERROR:process_memory_win.cc(73)] ReadMemory at 0x7ffbfcea0000 of 64 bytes failed: Only part of a ReadProcessMemory or WriteProcessMemory request was completed. (0x12B)
[0911/114851.309:WARNING:pe_image_reader.cc(340)] could not read dos header from C:\WINDOWS\System32\msvcp_win.dll
[0911/114851.309:ERROR:process_memory_win.cc(73)] ReadMemory at 0x7ffbfd350000 of 64 bytes failed: Only part of a ReadProcessMemory or WriteProcessMemory request was completed. (0x12B)
[0911/114851.309:WARNING:pe_image_reader.cc(340)] could not read dos header from C:\WINDOWS\System32\ucrtbase.dll
[0911/114851.309:ERROR:process_memory_win.cc(73)] ReadMemory at 0x7ffbfd910000 of 64 bytes failed: Only part of a ReadProcessMemory or WriteProcessMemory request was completed. (0x12B)
[0911/114851.309:WARNING:pe_image_reader.cc(340)] could not read dos header from C:\WINDOWS\System32\combase.dll
[0911/114851.309:ERROR:process_memory_win.cc(73)] ReadMemory at 0x7ffbfcf40000 of 64 bytes failed: Only part of a ReadProcessMemory or WriteProcessMemory request was completed. (0x12B)
[0911/114851.309:WARNING:pe_image_reader.cc(340)] could not read dos header from C:\WINDOWS\System32\WINTRUST.dll
[0911/114851.309:ERROR:process_memory_win.cc(73)] ReadMemory at 0x7ffbfcd40000 of 64 bytes failed: Only part of a ReadProcessMemory or WriteProcessMemory request was completed. (0x12B)
[0911/114851.314:WARNING:pe_image_reader.cc(340)] could not read dos header from C:\WINDOWS\System32\CRYPT32.dll
[0911/114851.314:ERROR:process_memory_win.cc(73)] ReadMemory at 0x7ffbfc180000 of 64 bytes failed: Only part of a ReadProcessMemory or WriteProcessMemory request was completed. (0x12B)
[0911/114851.314:WARNING:pe_image_reader.cc(340)] could not read dos header from C:\WINDOWS\SYSTEM32\IPHLPAPI.DLL
[0911/114851.314:ERROR:process_memory_win.cc(73)] ReadMemory at 0x7ffbebd60000 of 64 bytes failed: Only part of a ReadProcessMemory or WriteProcessMemory request was completed. (0x12B)
[0911/114851.314:WARNING:pe_image_reader.cc(340)] could not read dos header from C:\WINDOWS\SYSTEM32\WINMM.dll
[0911/114851.314:ERROR:process_memory_win.cc(73)] ReadMemory at 0x7ffbcd6e0000 of 64 bytes failed: Only part of a ReadProcessMemory or WriteProcessMemory request was completed. (0x12B)
[0911/114851.314:WARNING:pe_image_reader.cc(340)] could not read dos header from C:\WINDOWS\SYSTEM32\UIAutomationCore.DLL
[0911/114851.314:ERROR:process_memory_win.cc(73)] ReadMemory at 0x7ffbd98a0000 of 64 bytes failed: Only part of a ReadProcessMemory or WriteProcessMemory request was completed. (0x12B)
[0911/114851.316:WARNING:pe_image_reader.cc(340)] could not read dos header from C:\WINDOWS\SYSTEM32\Secur32.dll
[0911/114851.316:ERROR:process_memory_win.cc(73)] ReadMemory at 0x7ffbfcbe0000 of 64 bytes failed: Only part of a ReadProcessMemory or WriteProcessMemory request was completed. (0x12B)
[0911/114851.316:WARNING:pe_image_reader.cc(340)] could not read dos header from C:\WINDOWS\SYSTEM32\USERENV.dll
[0911/114851.316:ERROR:process_memory_win.cc(73)] ReadMemory at 0x7ffbeaa00000 of 64 bytes failed: Only part of a ReadProcessMemory or WriteProcessMemory request was completed. (0x12B)
[0911/114851.316:WARNING:pe_image_reader.cc(340)] could not read dos header from C:\WINDOWS\SYSTEM32\WINHTTP.dll
[0911/114851.316:ERROR:process_memory_win.cc(73)] ReadMemory at 0x7ffbea6f0000 of 64 bytes failed: Only part of a ReadProcessMemory or WriteProcessMemory request was completed. (0x12B)
[0911/114851.316:WARNING:pe_image_reader.cc(340)] could not read dos header from C:\WINDOWS\SYSTEM32\DWrite.dll
[0911/114851.316:ERROR:process_memory_win.cc(73)] ReadMemory at 0x7ffbeba70000 of 64 bytes failed: Only part of a ReadProcessMemory or WriteProcessMemory request was completed. (0x12B)
[0911/114851.316:WARNING:pe_image_reader.cc(340)] could not read dos header from C:\WINDOWS\SYSTEM32\WINSPOOL.DRV
[0911/114851.316:ERROR:process_memory_win.cc(73)] ReadMemory at 0x7ffbfab50000 of 64 bytes failed: Only part of a ReadProcessMemory or WriteProcessMemory request was completed. (0x12B)
[0911/114851.316:WARNING:pe_image_reader.cc(340)] could not read dos header from C:\WINDOWS\SYSTEM32\dbghelp.dll
[0911/114851.316:ERROR:process_memory_win.cc(73)] ReadMemory at 0x7ffbfc7d0000 of 64 bytes failed: Only part of a ReadProcessMemory or WriteProcessMemory request was completed. (0x12B)
[0911/114851.319:WARNING:pe_image_reader.cc(340)] could not read dos header from C:\WINDOWS\SYSTEM32\ncrypt.dll
[0911/114851.319:ERROR:process_memory_win.cc(73)] ReadMemory at 0x7ffbf4a00000 of 64 bytes failed: Only part of a ReadProcessMemory or WriteProcessMemory request was completed. (0x12B)
[0911/114851.319:WARNING:pe_image_reader.cc(340)] could not read dos header from C:\WINDOWS\SYSTEM32\dhcpcsvc.DLL
[0911/114851.319:ERROR:process_memory_win.cc(73)] ReadMemory at 0x7ffbfa140000 of 64 bytes failed: Only part of a ReadProcessMemory or WriteProcessMemory request was completed. (0x12B)
[0911/114851.319:WARNING:pe_image_reader.cc(340)] could not read dos header from C:\WINDOWS\SYSTEM32\PROPSYS.dll
[0911/114851.319:ERROR:process_memory_win.cc(73)] ReadMemory at 0x7ffbfcba0000 of 64 bytes failed: Only part of a ReadProcessMemory or WriteProcessMemory request was completed. (0x12B)
[0911/114851.319:WARNING:pe_image_reader.cc(340)] could not read dos header from C:\WINDOWS\SYSTEM32\SSPICLI.DLL
[0911/114851.319:ERROR:process_memory_win.cc(73)] ReadMemory at 0x7ffbfd320000 of 64 bytes failed: Only part of a ReadProcessMemory or WriteProcessMemory request was completed. (0x12B)
[0911/114851.319:WARNING:pe_image_reader.cc(340)] could not read dos header from C:\WINDOWS\System32\BCRYPT.DLL
[0911/114851.319:ERROR:process_memory_win.cc(73)] ReadMemory at 0x7ffbfc8e0000 of 64 bytes failed: Only part of a ReadProcessMemory or WriteProcessMemory request was completed. (0x12B)
[0911/114851.319:WARNING:pe_image_reader.cc(340)] could not read dos header from C:\WINDOWS\System32\MSASN1.dll
[0911/114851.319:ERROR:process_memory_win.cc(73)] ReadMemory at 0x7ffbfd590000 of 64 bytes failed: Only part of a ReadProcessMemory or WriteProcessMemory request was completed. (0x12B)
[0911/114851.319:WARNING:pe_image_reader.cc(340)] could not read dos header from C:\WINDOWS\System32\bcryptPrimitives.dll
[0911/114851.319:ERROR:process_memory_win.cc(73)] ReadMemory at 0x7ffbfc790000 of 64 bytes failed: Only part of a ReadProcessMemory or WriteProcessMemory request was completed. (0x12B)
[0911/114851.319:WARNING:pe_image_reader.cc(340)] could not read dos header from C:\WINDOWS\SYSTEM32\NTASN1.dll
[0911/114851.319:ERROR:process_memory_win.cc(73)] ReadMemory at 0x7ffbfc6b0000 of 64 bytes failed: Only part of a ReadProcessMemory or WriteProcessMemory request was completed. (0x12B)
[0911/114851.324:WARNING:pe_image_reader.cc(340)] could not read dos header from C:\WINDOWS\SYSTEM32\CRYPTBASE.DLL
[0911/114851.324:ERROR:process_memory_win.cc(73)] ReadMemory at 0x7ffbfd750000 of 64 bytes failed: Only part of a ReadProcessMemory or WriteProcessMemory request was completed. (0x12B)
[0911/114851.324:WARNING:pe_image_reader.cc(340)] could not read dos header from C:\WINDOWS\System32\GDI32.dll
[0911/114851.324:ERROR:process_memory_win.cc(73)] ReadMemory at 0x7ffbfd450000 of 64 bytes failed: Only part of a ReadProcessMemory or WriteProcessMemory request was completed. (0x12B)
[0911/114851.324:WARNING:pe_image_reader.cc(340)] could not read dos header from C:\WINDOWS\System32\win32u.dll
[0911/114851.324:ERROR:process_memory_win.cc(73)] ReadMemory at 0x7ffbfd480000 of 64 bytes failed: Only part of a ReadProcessMemory or WriteProcessMemory request was completed. (0x12B)
[0911/114851.324:WARNING:pe_image_reader.cc(340)] could not read dos header from C:\WINDOWS\System32\gdi32full.dll
[0911/114851.324:ERROR:process_memory_win.cc(73)] ReadMemory at 0x7ffbfe3d0000 of 64 bytes failed: Only part of a ReadProcessMemory or WriteProcessMemory request was completed. (0x12B)
[0911/114851.326:WARNING:pe_image_reader.cc(340)] could not read dos header from C:\WINDOWS\System32\USER32.dll
[0911/114851.326:ERROR:process_memory_win.cc(73)] ReadMemory at 0x7ffbfe810000 of 64 bytes failed: Only part of a ReadProcessMemory or WriteProcessMemory request was completed. (0x12B)
[0911/114851.326:WARNING:pe_image_reader.cc(340)] could not read dos header from C:\WINDOWS\System32\IMM32.DLL
[0911/114851.326:ERROR:process_memory_win.cc(73)] ReadMemory at 0x7ffbfcc20000 of 64 bytes failed: Only part of a ReadProcessMemory or WriteProcessMemory request was completed. (0x12B)
[0911/114851.326:WARNING:pe_image_reader.cc(340)] could not read dos header from C:\WINDOWS\System32\profapi.dll
[0911/114851.326:ERROR:process_memory_win.cc(73)] ReadMemory at 0x7ffbaa010000 of 64 bytes failed: Only part of a ReadProcessMemory or WriteProcessMemory request was completed. (0x12B)
[0911/114851.326:WARNING:pe_image_reader.cc(340)] could not read dos header from C:\Program Files (x86)\Microsoft\Edge\Application\85.0.564.44\mip_core.dll
[0911/114851.326:ERROR:process_memory_win.cc(73)] ReadMemory at 0x7ffbd1100000 of 64 bytes failed: Only part of a ReadProcessMemory or WriteProcessMemory request was completed. (0x12B)
[0911/114851.326:WARNING:pe_image_reader.cc(340)] could not read dos header from C:\WINDOWS\SYSTEM32\MSVCP140.dll
[0911/114851.326:ERROR:process_memory_win.cc(73)] ReadMemory at 0x7ffbdd7d0000 of 64 bytes failed: Only part of a ReadProcessMemory or WriteProcessMemory request was completed. (0x12B)
[0911/114851.326:WARNING:pe_image_reader.cc(340)] could not read dos header from C:\WINDOWS\SYSTEM32\CONCRT140.dll
[0911/114851.329:ERROR:process_memory_win.cc(73)] ReadMemory at 0x7ffbd11b0000 of 64 bytes failed: Only part of a ReadProcessMemory or WriteProcessMemory request was completed. (0x12B)
[0911/114851.329:WARNING:pe_image_reader.cc(340)] could not read dos header from C:\WINDOWS\SYSTEM32\VCRUNTIME140.dll
[0911/114851.330:ERROR:process_memory_win.cc(73)] ReadMemory at 0x7ffba0390000 of 64 bytes failed: Only part of a ReadProcessMemory or WriteProcessMemory request was completed. (0x12B)
[0911/114851.330:WARNING:pe_image_reader.cc(340)] could not read dos header from C:\Program Files (x86)\Microsoft\Edge\Application\85.0.564.44\mip_protection_sdk.dll
[0911/114851.346:ERROR:minidumpwritedump_with_crashpad_info.cc(452)] Failed to call MiniDumpWriteDump: Only part of a ReadProcessMemory or WriteProcessMemory request was completed. (0x8007012B)
[0911/114851.348:ERROR:minidumpwritedump_with_crashpad_info.cc(661)] Failed to write minidump file
[0911/114851.348:ERROR:crash_report_exception_handler.cc(132)] TryMiniDumpWriteDumpWithCrashpadInfo failed
[0911/114851.365:ERROR:process_memory_win.cc(73)] ReadMemory at 0x7ff7da1b0000 of 64 bytes failed: Only part of a ReadProcessMemory or WriteProcessMemory request was completed. (0x12B)
[0911/114851.365:WARNING:pe_image_reader.cc(340)] could not read dos header from C:\Program Files (x86)\Microsoft\Edge\Application\msedge.exe
[0911/114851.365:ERROR:process_memory_win.cc(73)] ReadMemory at 0x7ffbff5b0000 of 64 bytes failed: Only part of a ReadProcessMemory or WriteProcessMemory request was completed. (0x12B)
[0911/114851.365:WARNING:pe_image_reader.cc(340)] could not read dos header from C:\WINDOWS\SYSTEM32\ntdll.dll
[0911/114851.366:ERROR:process_memory_win.cc(73)] ReadMemory at 0x7ffbfe610000 of 64 bytes failed: Only part of a ReadProcessMemory or WriteProcessMemory request was completed. (0x12B)
[0911/114851.366:WARNING:pe_image_reader.cc(340)] could not read dos header from C:\WINDOWS\System32\KERNEL32.DLL
[0911/114851.366:ERROR:process_memory_win.cc(73)] ReadMemory at 0x7ffbfd050000 of 64 bytes failed: Only part of a ReadProcessMemory or WriteProcessMemory request was completed. (0x12B)
[0911/114851.366:WARNING:pe_image_reader.cc(340)] could not read dos header from C:\WINDOWS\System32\KERNELBASE.dll
[0911/114851.366:ERROR:process_memory_win.cc(73)] ReadMemory at 0x7ffbdd530000 of 64 bytes failed: Only part of a ReadProcessMemory or WriteProcessMemory request was completed. (0x12B)
[0911/114851.366:WARNING:pe_image_reader.cc(340)] could not read dos header from C:\Program Files (x86)\Microsoft\Edge\Application\85.0.564.44\msedge_elf.dll
[0911/114851.368:ERROR:process_memory_win.cc(73)] ReadMemory at 0x7ffbfdce0000 of 64 bytes failed: Only part of a ReadProcessMemory or WriteProcessMemory request was completed. (0x12B)
[0911/114851.368:WARNING:pe_image_reader.cc(340)] could not read dos header from C:\WINDOWS\System32\ADVAPI32.dll
[0911/114851.369:ERROR:process_memory_win.cc(73)] ReadMemory at 0x7ffbfe570000 of 64 bytes failed: Only part of a ReadProcessMemory or WriteProcessMemory request was completed. (0x12B)
[0911/114851.369:WARNING:pe_image_reader.cc(340)] could not read dos header from C:\WINDOWS\System32\msvcrt.dll
[0911/114851.369:ERROR:process_memory_win.cc(73)] ReadMemory at 0x7ffbfe840000 of 64 bytes failed: Only part of a ReadProcessMemory or WriteProcessMemory request was completed. (0x12B)
[0911/114851.369:WARNING:pe_image_reader.cc(340)] could not read dos header from C:\WINDOWS\System32\sechost.dll
[0911/114851.369:ERROR:process_memory_win.cc(73)] ReadMemory at 0x7ffbfe230000 of 64 bytes failed: Only part of a ReadProcessMemory or WriteProcessMemory request was completed. (0x12B)
[0911/114851.369:WARNING:pe_image_reader.cc(340)] could not read dos header from C:\WINDOWS\System32\RPCRT4.dll
[0911/114851.369:ERROR:process_memory_win.cc(73)] ReadMemory at 0x7ffbfdc70000 of 64 bytes failed: Only part of a ReadProcessMemory or WriteProcessMemory request was completed. (0x12B)
[0911/114851.369:WARNING:pe_image_reader.cc(340)] could not read dos header from C:\WINDOWS\System32\WS2_32.dll
[0911/114851.369:ERROR:process_memory_win.cc(73)] ReadMemory at 0x7ffbfd670000 of 64 bytes failed: Only part of a ReadProcessMemory or WriteProcessMemory request was completed. (0x12B)
[0911/114851.369:WARNING:pe_image_reader.cc(340)] could not read dos header from C:\WINDOWS\System32\OLEAUT32.dll
[0911/114851.369:ERROR:process_memory_win.cc(73)] ReadMemory at 0x7ffbfcea0000 of 64 bytes failed: Only part of a ReadProcessMemory or WriteProcessMemory request was completed. (0x12B)
[0911/114851.369:WARNING:pe_image_reader.cc(340)] could not read dos header from C:\WINDOWS\System32\msvcp_win.dll
[0911/114851.369:ERROR:process_memory_win.cc(73)] ReadMemory at 0x7ffbfd350000 of 64 bytes failed: Only part of a ReadProcessMemory or WriteProcessMemory request was completed. (0x12B)
[0911/114851.369:WARNING:pe_image_reader.cc(340)] could not read dos header from C:\WINDOWS\System32\ucrtbase.dll
[0911/114851.369:ERROR:process_memory_win.cc(73)] ReadMemory at 0x7ffbfd910000 of 64 bytes failed: Only part of a ReadProcessMemory or WriteProcessMemory request was completed. (0x12B)
[0911/114851.369:WARNING:pe_image_reader.cc(340)] could not read dos header from C:\WINDOWS\System32\combase.dll
[0911/114851.369:ERROR:process_memory_win.cc(73)] ReadMemory at 0x7ffbfcf40000 of 64 bytes failed: Only part of a ReadProcessMemory or WriteProcessMemory request was completed. (0x12B)
[0911/114851.374:WARNING:pe_image_reader.cc(340)] could not read dos header from C:\WINDOWS\System32\WINTRUST.dll
[0911/114851.374:ERROR:process_memory_win.cc(73)] ReadMemory at 0x7ffbfcd40000 of 64 bytes failed: Only part of a ReadProcessMemory or WriteProcessMemory request was completed. (0x12B)
[0911/114851.374:WARNING:pe_image_reader.cc(340)] could not read dos header from C:\WINDOWS\System32\CRYPT32.dll
[0911/114851.374:ERROR:process_memory_win.cc(73)] ReadMemory at 0x7ffbfc180000 of 64 bytes failed: Only part of a ReadProcessMemory or WriteProcessMemory request was completed. (0x12B)
[0911/114851.374:WARNING:pe_image_reader.cc(340)] could not read dos header from C:\WINDOWS\SYSTEM32\IPHLPAPI.DLL
[0911/114851.374:ERROR:process_memory_win.cc(73)] ReadMemory at 0x7ffbebd60000 of 64 bytes failed: Only part of a ReadProcessMemory or WriteProcessMemory request was completed. (0x12B)
[0911/114851.376:WARNING:pe_image_reader.cc(340)] could not read dos header from C:\WINDOWS\SYSTEM32\WINMM.dll
[0911/114851.377:ERROR:process_memory_win.cc(73)] ReadMemory at 0x7ffbcd6e0000 of 64 bytes failed: Only part of a ReadProcessMemory or WriteProcessMemory request was completed. (0x12B)
[0911/114851.377:WARNING:pe_image_reader.cc(340)] could not read dos header from C:\WINDOWS\SYSTEM32\UIAutomationCore.DLL
[0911/114851.377:ERROR:process_memory_win.cc(73)] ReadMemory at 0x7ffbd98a0000 of 64 bytes failed: Only part of a ReadProcessMemory or WriteProcessMemory request was completed. (0x12B)
[0911/114851.377:WARNING:pe_image_reader.cc(340)] could not read dos header from C:\WINDOWS\SYSTEM32\Secur32.dll
[0911/114851.377:ERROR:process_memory_win.cc(73)] ReadMemory at 0x7ffbfcbe0000 of 64 bytes failed: Only part of a ReadProcessMemory or WriteProcessMemory request was completed. (0x12B)
[0911/114851.377:WARNING:pe_image_reader.cc(340)] could not read dos header from C:\WINDOWS\SYSTEM32\USERENV.dll
[0911/114851.379:ERROR:process_memory_win.cc(73)] ReadMemory at 0x7ffbeaa00000 of 64 bytes failed: Only part of a ReadProcessMemory or WriteProcessMemory request was completed. (0x12B)
[0911/114851.379:WARNING:pe_image_reader.cc(340)] could not read dos header from C:\WINDOWS\SYSTEM32\WINHTTP.dll
[0911/114851.380:ERROR:process_memory_win.cc(73)] ReadMemory at 0x7ffbea6f0000 of 64 bytes failed: Only part of a ReadProcessMemory or WriteProcessMemory request was completed. (0x12B)
[0911/114851.380:WARNING:pe_image_reader.cc(340)] could not read dos header from C:\WINDOWS\SYSTEM32\DWrite.dll
[0911/114851.380:ERROR:process_memory_win.cc(73)] ReadMemory at 0x7ffbeba70000 of 64 bytes failed: Only part of a ReadProcessMemory or WriteProcessMemory request was completed. (0x12B)
[0911/114851.380:WARNING:pe_image_reader.cc(340)] could not read dos header from C:\WINDOWS\SYSTEM32\WINSPOOL.DRV
